<?xml version="1.0" encoding="UTF-8"?>
<robot generator="Robot 7.0 (Python 3.11.4 on win32)" generated="2024-02-09T07:04:57.219992" rpa="false" schemaversion="5">
<suite id="s1" name="Valid Login Suite" source="C:\Mine\Company\Tata Tech Jan 2024\HealthRecordRobotFramework\tests\1__login_suite\valid_login_suite.robot">
<test id="s1-t1" name="TC4" line="19">
<kw name="Log To Console" owner="BuiltIn">
<arg>bala</arg>
<doc>Logs the given message to the console.</doc>
<status status="PASS" start="2024-02-09T07:04:57.497318" elapsed="0.000000"/>
</kw>
<status status="PASS" start="2024-02-09T07:04:57.496255" elapsed="0.001063"/>
</test>
<doc>This suite tests the valid credential are allowed to access portal.</doc>
<status status="PASS" start="2024-02-09T07:04:57.222984" elapsed="0.275258"/>
</suite>
<statistics>
<total>
<stat pass="1" fail="0" skip="0">All Tests</stat>
</total>
<tag>
</tag>
<suite>
<stat pass="1" fail="0" skip="0" id="s1" name="Valid Login Suite">Valid Login Suite</stat>
</suite>
</statistics>
<errors>
</errors>
</robot>
